mode: set
github.com/nrmadi02/mini-project/internal/enterprise/repository/enterprise.go:13.71,17.2 1 1
github.com/nrmadi02/mini-project/internal/enterprise/repository/enterprise.go:19.131,20.15 1 1
github.com/nrmadi02/mini-project/internal/enterprise/repository/enterprise.go:23.2,24.18 2 1
github.com/nrmadi02/mini-project/internal/enterprise/repository/enterprise.go:31.2,31.36 1 1
github.com/nrmadi02/mini-project/internal/enterprise/repository/enterprise.go:20.15,22.3 1 1
github.com/nrmadi02/mini-project/internal/enterprise/repository/enterprise.go:24.18,27.3 2 1
github.com/nrmadi02/mini-project/internal/enterprise/repository/enterprise.go:27.8,30.3 2 1
github.com/nrmadi02/mini-project/internal/enterprise/repository/enterprise.go:34.95,37.2 2 1
github.com/nrmadi02/mini-project/internal/enterprise/repository/enterprise.go:39.97,42.2 2 1
github.com/nrmadi02/mini-project/internal/enterprise/repository/enterprise.go:44.93,47.2 2 1
github.com/nrmadi02/mini-project/internal/enterprise/repository/enterprise.go:49.113,52.2 2 1
github.com/nrmadi02/mini-project/internal/enterprise/repository/enterprise.go:54.93,57.2 2 1
github.com/nrmadi02/mini-project/internal/enterprise/repository/enterprise.go:59.95,63.2 3 1
github.com/nrmadi02/mini-project/internal/enterprise/repository/enterprise.go:65.74,68.2 2 1
github.com/nrmadi02/mini-project/internal/enterprise/repository/enterprise.go:70.99,73.2 2 1
github.com/nrmadi02/mini-project/internal/enterprise/repository/enterprise.go:75.99,78.2 2 1
github.com/nrmadi02/mini-project/internal/enterprise/usecase/enterprise_usecase.go:16.135,22.2 1 1
github.com/nrmadi02/mini-project/internal/enterprise/usecase/enterprise_usecase.go:24.132,26.16 2 1
github.com/nrmadi02/mini-project/internal/enterprise/usecase/enterprise_usecase.go:30.2,31.16 2 1
github.com/nrmadi02/mini-project/internal/enterprise/usecase/enterprise_usecase.go:35.2,50.16 3 1
github.com/nrmadi02/mini-project/internal/enterprise/usecase/enterprise_usecase.go:53.2,53.17 1 1
github.com/nrmadi02/mini-project/internal/enterprise/usecase/enterprise_usecase.go:26.16,28.3 1 1
github.com/nrmadi02/mini-project/internal/enterprise/usecase/enterprise_usecase.go:31.16,33.3 1 1
github.com/nrmadi02/mini-project/internal/enterprise/usecase/enterprise_usecase.go:50.16,52.3 1 1
github.com/nrmadi02/mini-project/internal/enterprise/usecase/enterprise_usecase.go:56.101,58.16 2 1
github.com/nrmadi02/mini-project/internal/enterprise/usecase/enterprise_usecase.go:61.2,61.17 1 1
github.com/nrmadi02/mini-project/internal/enterprise/usecase/enterprise_usecase.go:58.16,60.3 1 1
github.com/nrmadi02/mini-project/internal/enterprise/usecase/enterprise_usecase.go:64.90,66.16 2 1
github.com/nrmadi02/mini-project/internal/enterprise/usecase/enterprise_usecase.go:69.2,69.24 1 1
github.com/nrmadi02/mini-project/internal/enterprise/usecase/enterprise_usecase.go:66.16,68.3 1 1
github.com/nrmadi02/mini-project/internal/enterprise/usecase/enterprise_usecase.go:72.94,75.17 3 1
github.com/nrmadi02/mini-project/internal/enterprise/usecase/enterprise_usecase.go:83.2,83.16 1 1
github.com/nrmadi02/mini-project/internal/enterprise/usecase/enterprise_usecase.go:87.2,87.25 1 1
github.com/nrmadi02/mini-project/internal/enterprise/usecase/enterprise_usecase.go:75.17,77.3 1 1
github.com/nrmadi02/mini-project/internal/enterprise/usecase/enterprise_usecase.go:77.8,77.24 1 1
github.com/nrmadi02/mini-project/internal/enterprise/usecase/enterprise_usecase.go:77.24,79.3 1 1
github.com/nrmadi02/mini-project/internal/enterprise/usecase/enterprise_usecase.go:79.8,81.3 1 1
github.com/nrmadi02/mini-project/internal/enterprise/usecase/enterprise_usecase.go:83.16,85.3 1 1
github.com/nrmadi02/mini-project/internal/enterprise/usecase/enterprise_usecase.go:90.144,92.16 2 1
github.com/nrmadi02/mini-project/internal/enterprise/usecase/enterprise_usecase.go:96.2,97.16 2 1
github.com/nrmadi02/mini-project/internal/enterprise/usecase/enterprise_usecase.go:101.2,101.46 1 1
github.com/nrmadi02/mini-project/internal/enterprise/usecase/enterprise_usecase.go:104.2,118.17 3 1
github.com/nrmadi02/mini-project/internal/enterprise/usecase/enterprise_usecase.go:92.16,94.3 1 1
github.com/nrmadi02/mini-project/internal/enterprise/usecase/enterprise_usecase.go:97.16,99.3 1 1
github.com/nrmadi02/mini-project/internal/enterprise/usecase/enterprise_usecase.go:101.46,103.3 1 1
github.com/nrmadi02/mini-project/internal/enterprise/usecase/enterprise_usecase.go:121.141,123.16 2 1
github.com/nrmadi02/mini-project/internal/enterprise/usecase/enterprise_usecase.go:126.2,126.36 1 1
github.com/nrmadi02/mini-project/internal/enterprise/usecase/enterprise_usecase.go:123.16,125.3 1 1
github.com/nrmadi02/mini-project/internal/enterprise/usecase/enterprise_usecase.go:129.66,131.16 2 1
github.com/nrmadi02/mini-project/internal/enterprise/usecase/enterprise_usecase.go:135.2,136.16 2 1
github.com/nrmadi02/mini-project/internal/enterprise/usecase/enterprise_usecase.go:140.2,140.12 1 1
github.com/nrmadi02/mini-project/internal/enterprise/usecase/enterprise_usecase.go:131.16,133.3 1 1
github.com/nrmadi02/mini-project/internal/enterprise/usecase/enterprise_usecase.go:136.16,138.3 1 1
github.com/nrmadi02/mini-project/internal/favorite/repository/favorite.go:13.67,17.2 1 1
github.com/nrmadi02/mini-project/internal/favorite/repository/favorite.go:19.79,22.2 2 1
github.com/nrmadi02/mini-project/internal/favorite/repository/favorite.go:24.91,27.2 2 1
github.com/nrmadi02/mini-project/internal/favorite/repository/favorite.go:29.87,32.2 2 1
github.com/nrmadi02/mini-project/internal/favorite/repository/favorite.go:34.84,37.2 2 1
github.com/nrmadi02/mini-project/internal/favorite/repository/favorite.go:39.133,40.23 1 1
github.com/nrmadi02/mini-project/internal/favorite/repository/favorite.go:40.23,43.3 2 1
github.com/nrmadi02/mini-project/internal/favorite/repository/favorite.go:43.8,46.3 2 1
github.com/nrmadi02/mini-project/internal/favorite/usecase/favorite_usecase.go:14.110,19.2 1 1
github.com/nrmadi02/mini-project/internal/favorite/usecase/favorite_usecase.go:21.76,23.16 2 1
github.com/nrmadi02/mini-project/internal/favorite/usecase/favorite_usecase.go:27.2,27.22 1 1
github.com/nrmadi02/mini-project/internal/favorite/usecase/favorite_usecase.go:23.16,25.3 1 1
github.com/nrmadi02/mini-project/internal/favorite/usecase/favorite_usecase.go:30.80,32.45 2 1
github.com/nrmadi02/mini-project/internal/favorite/usecase/favorite_usecase.go:36.2,36.22 1 1
github.com/nrmadi02/mini-project/internal/favorite/usecase/favorite_usecase.go:32.45,34.3 1 1
github.com/nrmadi02/mini-project/internal/favorite/usecase/favorite_usecase.go:39.92,41.27 2 1
github.com/nrmadi02/mini-project/internal/favorite/usecase/favorite_usecase.go:44.2,45.16 2 1
github.com/nrmadi02/mini-project/internal/favorite/usecase/favorite_usecase.go:48.2,49.16 2 1
github.com/nrmadi02/mini-project/internal/favorite/usecase/favorite_usecase.go:52.2,52.20 1 1
github.com/nrmadi02/mini-project/internal/favorite/usecase/favorite_usecase.go:41.27,43.3 1 1
github.com/nrmadi02/mini-project/internal/favorite/usecase/favorite_usecase.go:45.16,47.3 1 1
github.com/nrmadi02/mini-project/internal/favorite/usecase/favorite_usecase.go:49.16,51.3 1 1
github.com/nrmadi02/mini-project/internal/favorite/usecase/favorite_usecase.go:55.95,57.16 2 1
github.com/nrmadi02/mini-project/internal/favorite/usecase/favorite_usecase.go:60.2,61.16 2 1
github.com/nrmadi02/mini-project/internal/favorite/usecase/favorite_usecase.go:64.2,65.16 2 1
github.com/nrmadi02/mini-project/internal/favorite/usecase/favorite_usecase.go:68.2,68.20 1 1
github.com/nrmadi02/mini-project/internal/favorite/usecase/favorite_usecase.go:57.16,59.3 1 1
github.com/nrmadi02/mini-project/internal/favorite/usecase/favorite_usecase.go:61.16,63.3 1 1
github.com/nrmadi02/mini-project/internal/favorite/usecase/favorite_usecase.go:65.16,67.3 1 1
github.com/nrmadi02/mini-project/internal/rating/repository/rating.go:12.63,16.2 1 1
github.com/nrmadi02/mini-project/internal/rating/repository/rating.go:18.111,21.2 2 1
github.com/nrmadi02/mini-project/internal/rating/repository/rating.go:23.129,26.2 2 1
github.com/nrmadi02/mini-project/internal/rating/repository/rating.go:28.102,31.2 2 1
github.com/nrmadi02/mini-project/internal/rating/repository/rating.go:33.121,36.2 2 1
github.com/nrmadi02/mini-project/internal/rating/repository/rating.go:38.78,41.2 2 1
github.com/nrmadi02/mini-project/internal/rating/usecase/rating_usecase.go:14.130,20.2 1 1
github.com/nrmadi02/mini-project/internal/rating/usecase/rating_usecase.go:22.100,24.16 2 1
github.com/nrmadi02/mini-project/internal/rating/usecase/rating_usecase.go:27.2,28.16 2 1
github.com/nrmadi02/mini-project/internal/rating/usecase/rating_usecase.go:32.2,33.16 2 1
github.com/nrmadi02/mini-project/internal/rating/usecase/rating_usecase.go:37.2,37.20 1 1
github.com/nrmadi02/mini-project/internal/rating/usecase/rating_usecase.go:24.16,26.3 1 1
github.com/nrmadi02/mini-project/internal/rating/usecase/rating_usecase.go:28.16,30.3 1 1
github.com/nrmadi02/mini-project/internal/rating/usecase/rating_usecase.go:33.16,35.3 1 1
github.com/nrmadi02/mini-project/internal/rating/usecase/rating_usecase.go:40.62,42.16 2 1
github.com/nrmadi02/mini-project/internal/rating/usecase/rating_usecase.go:45.2,46.16 2 1
github.com/nrmadi02/mini-project/internal/rating/usecase/rating_usecase.go:49.2,50.16 2 1
github.com/nrmadi02/mini-project/internal/rating/usecase/rating_usecase.go:54.2,55.16 2 1
github.com/nrmadi02/mini-project/internal/rating/usecase/rating_usecase.go:59.2,59.12 1 1
github.com/nrmadi02/mini-project/internal/rating/usecase/rating_usecase.go:42.16,44.3 1 1
github.com/nrmadi02/mini-project/internal/rating/usecase/rating_usecase.go:46.16,48.3 1 1
github.com/nrmadi02/mini-project/internal/rating/usecase/rating_usecase.go:50.16,52.3 1 1
github.com/nrmadi02/mini-project/internal/rating/usecase/rating_usecase.go:55.16,57.3 1 1
github.com/nrmadi02/mini-project/internal/rating/usecase/rating_usecase.go:62.101,64.16 2 1
github.com/nrmadi02/mini-project/internal/rating/usecase/rating_usecase.go:67.2,68.16 2 1
github.com/nrmadi02/mini-project/internal/rating/usecase/rating_usecase.go:72.2,80.16 3 1
github.com/nrmadi02/mini-project/internal/rating/usecase/rating_usecase.go:84.2,84.20 1 1
github.com/nrmadi02/mini-project/internal/rating/usecase/rating_usecase.go:64.16,66.3 1 1
github.com/nrmadi02/mini-project/internal/rating/usecase/rating_usecase.go:68.16,70.3 1 1
github.com/nrmadi02/mini-project/internal/rating/usecase/rating_usecase.go:80.16,82.3 1 1
github.com/nrmadi02/mini-project/internal/rating/usecase/rating_usecase.go:87.96,89.16 2 1
github.com/nrmadi02/mini-project/internal/rating/usecase/rating_usecase.go:92.2,93.16 2 1
github.com/nrmadi02/mini-project/internal/rating/usecase/rating_usecase.go:97.2,97.25 1 1
github.com/nrmadi02/mini-project/internal/rating/usecase/rating_usecase.go:89.16,91.3 1 1
github.com/nrmadi02/mini-project/internal/rating/usecase/rating_usecase.go:93.16,95.3 1 1
github.com/nrmadi02/mini-project/internal/rating/usecase/rating_usecase.go:101.87,103.16 2 1
github.com/nrmadi02/mini-project/internal/rating/usecase/rating_usecase.go:106.2,107.16 2 1
github.com/nrmadi02/mini-project/internal/rating/usecase/rating_usecase.go:111.2,112.16 2 1
github.com/nrmadi02/mini-project/internal/rating/usecase/rating_usecase.go:116.2,116.20 1 1
github.com/nrmadi02/mini-project/internal/rating/usecase/rating_usecase.go:103.16,105.3 1 1
github.com/nrmadi02/mini-project/internal/rating/usecase/rating_usecase.go:107.16,109.3 1 1
github.com/nrmadi02/mini-project/internal/rating/usecase/rating_usecase.go:112.16,114.3 1 1
github.com/nrmadi02/mini-project/internal/review/repository/review.go:12.63,16.2 1 1
github.com/nrmadi02/mini-project/internal/review/repository/review.go:18.118,21.2 2 1
github.com/nrmadi02/mini-project/internal/review/repository/review.go:23.93,26.2 2 1
github.com/nrmadi02/mini-project/internal/review/repository/review.go:28.81,31.2 2 1
github.com/nrmadi02/mini-project/internal/review/repository/review.go:33.111,36.2 2 1
github.com/nrmadi02/mini-project/internal/review/repository/review.go:38.62,41.2 2 1
github.com/nrmadi02/mini-project/internal/review/repository/review.go:43.76,46.2 2 1
github.com/nrmadi02/mini-project/internal/review/usecase/review_usecase.go:15.130,21.2 1 1
github.com/nrmadi02/mini-project/internal/review/usecase/review_usecase.go:23.100,25.47 2 1
github.com/nrmadi02/mini-project/internal/review/usecase/review_usecase.go:28.2,29.41 2 1
github.com/nrmadi02/mini-project/internal/review/usecase/review_usecase.go:33.2,41.16 3 1
github.com/nrmadi02/mini-project/internal/review/usecase/review_usecase.go:45.2,45.17 1 1
github.com/nrmadi02/mini-project/internal/review/usecase/review_usecase.go:25.47,27.3 1 1
github.com/nrmadi02/mini-project/internal/review/usecase/review_usecase.go:29.41,31.3 1 1
github.com/nrmadi02/mini-project/internal/review/usecase/review_usecase.go:41.16,43.3 1 1
github.com/nrmadi02/mini-project/internal/review/usecase/review_usecase.go:48.103,50.43 2 1
github.com/nrmadi02/mini-project/internal/review/usecase/review_usecase.go:54.2,55.16 2 1
github.com/nrmadi02/mini-project/internal/review/usecase/review_usecase.go:58.2,58.20 1 1
github.com/nrmadi02/mini-project/internal/review/usecase/review_usecase.go:50.43,52.3 1 1
github.com/nrmadi02/mini-project/internal/review/usecase/review_usecase.go:55.16,57.3 1 1
github.com/nrmadi02/mini-project/internal/review/usecase/review_usecase.go:61.72,63.43 2 1
github.com/nrmadi02/mini-project/internal/review/usecase/review_usecase.go:67.2,68.12 2 1
github.com/nrmadi02/mini-project/internal/review/usecase/review_usecase.go:63.43,65.3 1 1
github.com/nrmadi02/mini-project/internal/review/usecase/review_usecase.go:71.88,73.16 2 1
github.com/nrmadi02/mini-project/internal/review/usecase/review_usecase.go:77.2,77.21 1 1
github.com/nrmadi02/mini-project/internal/review/usecase/review_usecase.go:73.16,75.3 1 1
github.com/nrmadi02/mini-project/internal/review/usecase/review_usecase.go:80.109,82.43 2 1
github.com/nrmadi02/mini-project/internal/review/usecase/review_usecase.go:86.2,86.20 1 1
github.com/nrmadi02/mini-project/internal/review/usecase/review_usecase.go:82.43,84.3 1 1
github.com/nrmadi02/mini-project/internal/review/usecase/review_usecase.go:89.78,91.16 2 1
github.com/nrmadi02/mini-project/internal/review/usecase/review_usecase.go:94.2,94.20 1 1
github.com/nrmadi02/mini-project/internal/review/usecase/review_usecase.go:91.16,93.3 1 1
github.com/nrmadi02/mini-project/internal/tag/usecase/tag_usecase.go:14.63,18.2 1 1
github.com/nrmadi02/mini-project/internal/tag/usecase/tag_usecase.go:20.55,22.2 1 1
github.com/nrmadi02/mini-project/internal/tag/usecase/tag_usecase.go:24.48,26.16 2 1
github.com/nrmadi02/mini-project/internal/tag/usecase/tag_usecase.go:29.2,30.16 2 1
github.com/nrmadi02/mini-project/internal/tag/usecase/tag_usecase.go:34.2,34.12 1 1
github.com/nrmadi02/mini-project/internal/tag/usecase/tag_usecase.go:26.16,28.3 1 1
github.com/nrmadi02/mini-project/internal/tag/usecase/tag_usecase.go:30.16,32.3 1 1
github.com/nrmadi02/mini-project/internal/tag/usecase/tag_usecase.go:37.88,40.48 3 1
github.com/nrmadi02/mini-project/internal/tag/usecase/tag_usecase.go:43.2,49.16 3 1
github.com/nrmadi02/mini-project/internal/tag/usecase/tag_usecase.go:53.2,53.17 1 1
github.com/nrmadi02/mini-project/internal/tag/usecase/tag_usecase.go:40.48,42.3 1 1
github.com/nrmadi02/mini-project/internal/tag/usecase/tag_usecase.go:49.16,51.3 1 1
github.com/nrmadi02/mini-project/internal/tag/repository/tag.go:13.57,17.2 1 1
github.com/nrmadi02/mini-project/internal/tag/repository/tag.go:19.76,22.2 2 1
github.com/nrmadi02/mini-project/internal/tag/repository/tag.go:24.72,27.2 2 1
github.com/nrmadi02/mini-project/internal/tag/repository/tag.go:29.78,32.2 2 1
github.com/nrmadi02/mini-project/internal/tag/repository/tag.go:34.68,37.2 2 1
github.com/nrmadi02/mini-project/internal/tag/repository/tag.go:39.64,42.2 2 1
github.com/nrmadi02/mini-project/internal/tag/repository/tag.go:44.65,47.2 2 1
github.com/nrmadi02/mini-project/internal/role/repository/role.go:12.59,16.2 1 1
github.com/nrmadi02/mini-project/internal/role/repository/role.go:18.79,21.2 2 1
github.com/nrmadi02/mini-project/internal/user/repository/user.go:12.61,14.2 1 1
github.com/nrmadi02/mini-project/internal/user/repository/user.go:16.85,19.2 2 1
github.com/nrmadi02/mini-project/internal/user/repository/user.go:21.79,24.2 2 1
github.com/nrmadi02/mini-project/internal/user/repository/user.go:26.69,29.2 2 1
github.com/nrmadi02/mini-project/internal/user/repository/user.go:31.72,34.2 2 1
github.com/nrmadi02/mini-project/internal/user/usecase/auth_usecase.go:21.154,28.2 1 1
github.com/nrmadi02/mini-project/internal/user/usecase/auth_usecase.go:30.90,32.16 2 1
github.com/nrmadi02/mini-project/internal/user/usecase/auth_usecase.go:36.2,37.16 2 1
github.com/nrmadi02/mini-project/internal/user/usecase/auth_usecase.go:41.2,52.27 4 1
github.com/nrmadi02/mini-project/internal/user/usecase/auth_usecase.go:32.16,34.3 1 1
github.com/nrmadi02/mini-project/internal/user/usecase/auth_usecase.go:37.16,39.3 1 1
github.com/nrmadi02/mini-project/internal/user/usecase/auth_usecase.go:56.88,59.49 3 1
github.com/nrmadi02/mini-project/internal/user/usecase/auth_usecase.go:63.2,66.16 3 1
github.com/nrmadi02/mini-project/internal/user/usecase/auth_usecase.go:70.2,84.16 4 1
github.com/nrmadi02/mini-project/internal/user/usecase/auth_usecase.go:87.2,89.18 2 1
github.com/nrmadi02/mini-project/internal/user/usecase/auth_usecase.go:59.49,61.3 1 1
github.com/nrmadi02/mini-project/internal/user/usecase/auth_usecase.go:66.16,68.3 1 1
github.com/nrmadi02/mini-project/internal/user/usecase/auth_usecase.go:84.16,86.3 1 1
github.com/nrmadi02/mini-project/internal/user/usecase/auth_usecase.go:93.106,97.16 3 1
github.com/nrmadi02/mini-project/internal/user/usecase/auth_usecase.go:100.2,103.41 3 1
github.com/nrmadi02/mini-project/internal/user/usecase/auth_usecase.go:97.16,99.3 1 1
github.com/nrmadi02/mini-project/internal/user/usecase/auth_usecase.go:106.66,108.16 2 1
github.com/nrmadi02/mini-project/internal/user/usecase/auth_usecase.go:112.2,112.31 1 1
github.com/nrmadi02/mini-project/internal/user/usecase/auth_usecase.go:117.2,117.19 1 1
github.com/nrmadi02/mini-project/internal/user/usecase/auth_usecase.go:108.16,110.3 1 1
github.com/nrmadi02/mini-project/internal/user/usecase/auth_usecase.go:112.31,113.29 1 1
github.com/nrmadi02/mini-project/internal/user/usecase/auth_usecase.go:113.29,115.4 1 1
github.com/nrmadi02/mini-project/internal/user/usecase/user_usecase.go:11.66,15.2 1 1
github.com/nrmadi02/mini-project/internal/user/usecase/user_usecase.go:17.58,19.2 1 1
