mode: set
github.com/nrmadi02/mini-project/internal/enterprise/repository/enterprise.go:13.71,17.2 1 1
github.com/nrmadi02/mini-project/internal/enterprise/repository/enterprise.go:19.131,20.15 1 1
github.com/nrmadi02/mini-project/internal/enterprise/repository/enterprise.go:23.2,24.18 2 1
github.com/nrmadi02/mini-project/internal/enterprise/repository/enterprise.go:31.2,31.36 1 1
github.com/nrmadi02/mini-project/internal/enterprise/repository/enterprise.go:20.15,22.3 1 1
github.com/nrmadi02/mini-project/internal/enterprise/repository/enterprise.go:24.18,27.3 2 1
github.com/nrmadi02/mini-project/internal/enterprise/repository/enterprise.go:27.8,30.3 2 1
github.com/nrmadi02/mini-project/internal/enterprise/repository/enterprise.go:34.95,37.2 2 1
github.com/nrmadi02/mini-project/internal/enterprise/repository/enterprise.go:39.97,42.2 2 1
github.com/nrmadi02/mini-project/internal/enterprise/repository/enterprise.go:44.93,47.2 2 1
github.com/nrmadi02/mini-project/internal/enterprise/repository/enterprise.go:49.113,52.2 2 1
github.com/nrmadi02/mini-project/internal/enterprise/repository/enterprise.go:54.93,57.2 2 1
github.com/nrmadi02/mini-project/internal/enterprise/repository/enterprise.go:59.95,63.2 3 1
github.com/nrmadi02/mini-project/internal/enterprise/repository/enterprise.go:65.74,68.2 2 1
github.com/nrmadi02/mini-project/internal/enterprise/repository/enterprise.go:70.99,73.2 2 1
github.com/nrmadi02/mini-project/internal/enterprise/repository/enterprise.go:75.99,78.2 2 1
github.com/nrmadi02/mini-project/internal/favorite/repository/favorite.go:13.67,17.2 1 1
github.com/nrmadi02/mini-project/internal/favorite/repository/favorite.go:19.79,22.2 2 1
github.com/nrmadi02/mini-project/internal/favorite/repository/favorite.go:24.91,27.2 2 1
github.com/nrmadi02/mini-project/internal/favorite/repository/favorite.go:29.87,32.2 2 1
github.com/nrmadi02/mini-project/internal/favorite/repository/favorite.go:34.84,37.2 2 1
github.com/nrmadi02/mini-project/internal/favorite/repository/favorite.go:39.133,40.23 1 1
github.com/nrmadi02/mini-project/internal/favorite/repository/favorite.go:40.23,43.3 2 1
github.com/nrmadi02/mini-project/internal/favorite/repository/favorite.go:43.8,46.3 2 1
github.com/nrmadi02/mini-project/internal/rating/repository/rating.go:12.63,16.2 1 1
github.com/nrmadi02/mini-project/internal/rating/repository/rating.go:18.111,21.2 2 1
github.com/nrmadi02/mini-project/internal/rating/repository/rating.go:23.129,26.2 2 1
github.com/nrmadi02/mini-project/internal/rating/repository/rating.go:28.102,31.2 2 1
github.com/nrmadi02/mini-project/internal/rating/repository/rating.go:33.121,36.2 2 1
github.com/nrmadi02/mini-project/internal/rating/repository/rating.go:38.78,41.2 2 1
github.com/nrmadi02/mini-project/internal/review/repository/review.go:12.63,16.2 1 1
github.com/nrmadi02/mini-project/internal/review/repository/review.go:18.118,21.2 2 1
github.com/nrmadi02/mini-project/internal/review/repository/review.go:23.93,26.2 2 1
github.com/nrmadi02/mini-project/internal/review/repository/review.go:28.81,31.2 2 1
github.com/nrmadi02/mini-project/internal/review/repository/review.go:33.111,36.2 2 1
github.com/nrmadi02/mini-project/internal/review/repository/review.go:38.62,41.2 2 1
github.com/nrmadi02/mini-project/internal/review/repository/review.go:43.76,46.2 2 1
github.com/nrmadi02/mini-project/internal/role/repository/role.go:12.59,16.2 1 1
github.com/nrmadi02/mini-project/internal/role/repository/role.go:18.79,21.2 2 1
github.com/nrmadi02/mini-project/internal/tag/repository/tag.go:13.57,17.2 1 1
github.com/nrmadi02/mini-project/internal/tag/repository/tag.go:19.76,22.2 2 1
github.com/nrmadi02/mini-project/internal/tag/repository/tag.go:24.72,27.2 2 1
github.com/nrmadi02/mini-project/internal/tag/repository/tag.go:29.78,32.2 2 1
github.com/nrmadi02/mini-project/internal/tag/repository/tag.go:34.68,37.2 2 1
github.com/nrmadi02/mini-project/internal/tag/repository/tag.go:39.64,42.2 2 1
github.com/nrmadi02/mini-project/internal/tag/repository/tag.go:44.65,47.2 2 1
github.com/nrmadi02/mini-project/internal/user/repository/user.go:12.61,14.2 1 1
github.com/nrmadi02/mini-project/internal/user/repository/user.go:16.85,19.2 2 1
github.com/nrmadi02/mini-project/internal/user/repository/user.go:21.79,24.2 2 1
github.com/nrmadi02/mini-project/internal/user/repository/user.go:26.69,29.2 2 1
github.com/nrmadi02/mini-project/internal/user/repository/user.go:31.72,34.2 2 1
